<?xml version="1.0" encoding="UTF-8"?>
<!-- Generated by org.testng.reporters.JUnitReportReporter -->
<testsuite hostname="ws186" name="SearchTest" tests="3" failures="0" timestamp="4 May 2016 14:04:12 GMT" time="32.768" errors="0">
  <testcase name="searchByProcessor" time="10.427" classname="SearchTest"/>
  <testcase name="searchByProcessor" time="9.508" classname="SearchTest"/>
  <testcase name="searchByProcessor" time="12.833" classname="SearchTest"/>
</testsuite> <!-- SearchTest -->
